Picking 1000 random sites...
Done.

Processing alivetorrents.com (1847)...
Processing hnedu.cn (82750)...
Processing speedway.com (80357)...
Processing 30se.info (78335)...
Processing cad-comic.com (6925)...
Processing demystifyingdigital.com (90468)...
Processing prohosting.com (41319)...
Processing sportyone.com (85451)...
Processing 668003.com (99187)...
Processing lashou.com (914)...
Terminated
Picking 50 random sites...
Done.

Processing sustainabletrafficworkshop.com (17572)...
Processing fdesouche.com (17245)...
Picking 50 random sites...
Done.

Processing topsexywomen.com (36130)...
Processing americas-fr.com (80552)...
Processing mediafire-files.com (64345)...
Processing bestbuy.com.mx (88156)...
Processing ziggo.nl (24626)...
Terminated
Picking 50 random sites...
Done.

Processing releaseurls.com (41401)...
Corrupt JPEG data: 927 extraneous bytes before marker 0x03
Unsupported marker type 0x03
Processing kupi-kupon.by (78741)...
Terminated
Picking 50 random sites...
Done.

Processing skylink.ru (32285)...
Processing bravofly.fr (36504)...
Processing picware.net (98386)...
Terminated
Picking 50 random sites...
Done.

Processing vnexpress.net (303)...
Processing tetsudo.com (89195)...
