Picking 1000 random sites...Done.
Processing thayri.com (402028)...402028,thayri.com,178,117,148,#b29475
Processing fund-money.com (512596)...512596,fund-money.com,213,202,213,#d5d5ca
Processing adamast.ru (509274)...509274,adamast.ru,220,223,221,#dcdddf
Processing hypnotherapyweightloss.org (997961)...997961,hypnotherapyweightloss.org,182,215,202,#b6cad7
Processing earthmamaangelbaby.com (234680)...234680,earthmamaangelbaby.com,229,203,217,#e5d9cb
Processing caritas.org (822476)...822476,caritas.org,172,222,182,#acb6de
Processing etowns.net (919292)...Terminated
Picking 1000 random sites...
Done.

Processing bmf.com.br (424807)...
Processing zzym.co.cc (223552)...
Processing bossdonkey.com (663381)...
Processing manithana.blogspot.com (997897)...
Processing nyxberry.net (302474)...
Processing italianlanguageguide.com (428629)...
Processing onlinestylesource.com (313054)...
Processing xiuma.cn (688407)...
Processing ixbtlabs.com (75896)...
Processing insanelist.com (689475)...
Processing tryprograde.com (589319)...
Processing qingtongqi.org (450991)...
Processing jobmeeting.it (114618)...
Terminated
Picking 1000 random sites...
Done.

Processing civ5.jp (836346)...
Processing dietsreporter.com (944985)...
Processing latestprice.in (98534)...
Processing gaynichetube.com (515871)...
Processing phoenixnap.com (685664)...
Processing jasu.wordpress.com (903813)...
Processing luxuryrentalsmiamibeach.com (919934)...
Processing kusms.com (211000)...
Processing ratgeberbox.de (964387)...
Processing rugby.com.au (154841)...
Processing 194.28.113.219 (763512)...
Processing hicksgames.com (992042)...
Processing shoptronics.com (720129)...
Processing duckload.com (2208)...
Processing emu.ee (415996)...
Processing artdecorbanyo.com (963413)...
Processing transformertoys.co.uk (683546)...
Processing loading101.com (952065)...
Processing internetmarketing-it.com (639659)...
Processing civilized.de (281165)...
Processing zonadepruebas.com (861914)...
Processing sweetdealsbyjillee.com (679532)...
Processing sportsfile.com (484037)...
Processing oragoo.net (286211)...
Processing iblups.tv (254526)...
Processing digitalphotoprintingcritic.com (820110)...
Processing awesl.com (754935)...
Processing tangerinehotels.com (768280)...
Processing bruno.jp (868081)...
Processing foxtv.es (78099)...
Terminated
Picking 1000 random sites...
Done.

Processing barcelonabusturistic.cat (882542)...
Processing iprimus.com.au (37132)...
Processing web-designers.cn (308909)...
Processing gexaenergy.com (616659)...
Processing goldrealty.ru (637900)...
Processing yourfacebooksurvey.com (126869)...
Processing cheapweddingdressesstore.com (926211)...
Processing chargeoff.net (542377)...
Processing gorss.de (303722)...
Processing dfb.de (20407)...
Processing egy7.com (112471)...
Processing gossip247.de (736266)...
Processing fotoscowboy.com.br (582047)...
Processing 2y20.com (230193)...
Processing print-people.de (120618)...
Processing healthbizinabox.com (118679)...
X Error: BadAlloc (insufficient resources for operation) 11
  Major opcode: 53 (X_CreatePixmap)
  Resource id:  0x100
X Error: BadDrawable (invalid Pixmap or Window parameter) 9
  Extension:    143 (RENDER)
  Minor opcode: 4 (RenderCreatePicture)
  Resource id:  0x200236
X Error: BadDrawable (invalid Pixmap or Window parameter) 9
  Major opcode: 55 (X_CreateGC)
  Resource id:  0x200236
X Error: BadDrawable (invalid Pixmap or Window parameter) 9
  Major opcode: 72 (X_PutImage)
  Resource id:  0x200236
X Error: BadDrawable (invalid Pixmap or Window parameter) 9
  Major opcode: 72 (X_PutImage)
  Resource id:  0x200236
X Error: BadDrawable (invalid Pixmap or Window parameter) 9
  Major opcode: 72 (X_PutImage)
  Resource id:  0x200236
X Error: BadDrawable (invalid Pixmap or Window parameter) 9
  Major opcode: 72 (X_PutImage)
  Resource id:  0x200236
X Error: BadDrawable (invalid Pixmap or Window parameter) 9
  Major opcode: 72 (X_PutImage)
  Resource id:  0x200236
X Error: BadDrawable (invalid Pixmap or Window parameter) 9
  Major opcode: 72 (X_PutImage)
  Resource id:  0x200236
X Error: BadDrawable (invalid Pixmap or Window parameter) 9
  Major opcode: 72 (X_PutImage)
  Resource id:  0x200236
X Error: BadDrawable (invalid Pixmap or Window parameter) 9
  Major opcode: 72 (X_PutImage)
  Resource id:  0x200236
X Error: BadDrawable (invalid Pixmap or Window parameter) 9
  Major opcode: 72 (X_PutImage)
  Resource id:  0x200236
X Error: BadDrawable (invalid Pixmap or Window parameter) 9
  Major opcode: 72 (X_PutImage)
  Resource id:  0x200236
X Error: BadDrawable (invalid Pixmap or Window parameter) 9
  Major opcode: 72 (X_PutImage)
  Resource id:  0x200236
X Error: BadDrawable (invalid Pixmap or Window parameter) 9
  Major opcode: 72 (X_PutImage)
  Resource id:  0x200236
X Error: BadDrawable (invalid Pixmap or Window parameter) 9
  Major opcode: 72 (X_PutImage)
  Resource id:  0x200236
X Error: BadDrawable (invalid Pixmap or Window parameter) 9
  Major opcode: 72 (X_PutImage)
  Resource id:  0x200236
X Error: BadDrawable (invalid Pixmap or Window parameter) 9
  Major opcode: 72 (X_PutImage)
  Resource id:  0x200236
X Error: BadDrawable (invalid Pixmap or Window parameter) 9
  Major opcode: 72 (X_PutImage)
  Resource id:  0x200236
X Error: BadDrawable (invalid Pixmap or Window parameter) 9
  Major opcode: 72 (X_PutImage)
  Resource id:  0x200236
X Error: BadDrawable (invalid Pixmap or Window parameter) 9
  Major opcode: 72 (X_PutImage)
  Resource id:  0x200236
X Error: BadDrawable (invalid Pixmap or Window parameter) 9
  Major opcode: 72 (X_PutImage)
  Resource id:  0x200236
X Error: BadDrawable (invalid Pixmap or Window parameter) 9
  Major opcode: 72 (X_PutImage)
  Resource id:  0x200236
X Error: BadDrawable (invalid Pixmap or Window parameter) 9
  Major opcode: 72 (X_PutImage)
  Resource id:  0x200236
X Error: BadDrawable (invalid Pixmap or Window parameter) 9
  Major opcode: 72 (X_PutImage)
  Resource id:  0x200236
X Error: BadDrawable (invalid Pixmap or Window parameter) 9
  Major opcode: 72 (X_PutImage)
  Resource id:  0x200236
X Error: BadDrawable (invalid Pixmap or Window parameter) 9
  Major opcode: 72 (X_PutImage)
  Resource id:  0x200236
X Error: BadDrawable (invalid Pixmap or Window parameter) 9
  Major opcode: 72 (X_PutImage)
  Resource id:  0x200236
X Error: BadDrawable (invalid Pixmap or Window parameter) 9
  Major opcode: 72 (X_PutImage)
  Resource id:  0x200236
X Error: BadDrawable (invalid Pixmap or Window parameter) 9
  Major opcode: 72 (X_PutImage)
  Resource id:  0x200236
X Error: BadDrawable (invalid Pixmap or Window parameter) 9
  Major opcode: 72 (X_PutImage)
  Resource id:  0x200236
X Error: BadDrawable (invalid Pixmap or Window parameter) 9
  Major opcode: 72 (X_PutImage)
  Resource id:  0x200236
X Error: BadDrawable (invalid Pixmap or Window parameter) 9
  Major opcode: 72 (X_PutImage)
  Resource id:  0x200236
X Error: BadDrawable (invalid Pixmap or Window parameter) 9
  Major opcode: 72 (X_PutImage)
  Resource id:  0x200236
X Error: BadDrawable (invalid Pixmap or Window parameter) 9
  Major opcode: 72 (X_PutImage)
  Resource id:  0x200236
X Error: BadDrawable (invalid Pixmap or Window parameter) 9
  Major opcode: 72 (X_PutImage)
  Resource id:  0x200236
X Error: BadDrawable (invalid Pixmap or Window parameter) 9
  Major opcode: 72 (X_PutImage)
  Resource id:  0x200236
X Error: BadDrawable (invalid Pixmap or Window parameter) 9
  Major opcode: 72 (X_PutImage)
  Resource id:  0x200236
X Error: BadDrawable (invalid Pixmap or Window parameter) 9
  Major opcode: 72 (X_PutImage)
  Resource id:  0x200236
X Error: BadDrawable (invalid Pixmap or Window parameter) 9
  Major opcode: 72 (X_PutImage)
  Resource id:  0x200236
X Error: BadDrawable (invalid Pixmap or Window parameter) 9
  Major opcode: 72 (X_PutImage)
  Resource id:  0x200236
X Error: BadDrawable (invalid Pixmap or Window parameter) 9
  Major opcode: 72 (X_PutImage)
  Resource id:  0x200236
X Error: BadDrawable (invalid Pixmap or Window parameter) 9
  Major opcode: 72 (X_PutImage)
  Resource id:  0x200236
X Error: BadDrawable (invalid Pixmap or Window parameter) 9
  Major opcode: 72 (X_PutImage)
  Resource id:  0x200236
X Error: BadDrawable (invalid Pixmap or Window parameter) 9
  Major opcode: 72 (X_PutImage)
  Resource id:  0x200236
X Error: BadDrawable (invalid Pixmap or Window parameter) 9
  Major opcode: 72 (X_PutImage)
  Resource id:  0x200236
X Error: BadDrawable (invalid Pixmap or Window parameter) 9
  Major opcode: 72 (X_PutImage)
  Resource id:  0x200236
X Error: BadDrawable (invalid Pixmap or Window parameter) 9
  Major opcode: 72 (X_PutImage)
  Resource id:  0x200236
X Error: BadDrawable (invalid Pixmap or Window parameter) 9
  Major opcode: 72 (X_PutImage)
  Resource id:  0x200236
X Error: BadDrawable (invalid Pixmap or Window parameter) 9
  Major opcode: 72 (X_PutImage)
  Resource id:  0x200236
X Error: BadDrawable (invalid Pixmap or Window parameter) 9
  Major opcode: 72 (X_PutImage)
  Resource id:  0x200236
X Error: BadDrawable (invalid Pixmap or Window parameter) 9
  Major opcode: 72 (X_PutImage)
  Resource id:  0x200236
X Error: BadDrawable (invalid Pixmap or Window parameter) 9
  Major opcode: 72 (X_PutImage)
  Resource id:  0x200236
X Error: BadDrawable (invalid Pixmap or Window parameter) 9
  Major opcode: 72 (X_PutImage)
  Resource id:  0x200236
X Error: BadDrawable (invalid Pixmap or Window parameter) 9
  Major opcode: 72 (X_PutImage)
  Resource id:  0x200236
X Error: BadDrawable (invalid Pixmap or Window parameter) 9
  Major opcode: 72 (X_PutImage)
  Resource id:  0x200236
X Error: BadDrawable (invalid Pixmap or Window parameter) 9
  Major opcode: 72 (X_PutImage)
  Resource id:  0x200236
X Error: BadDrawable (invalid Pixmap or Window parameter) 9
  Major opcode: 72 (X_PutImage)
  Resource id:  0x200236
X Error: BadDrawable (invalid Pixmap or Window parameter) 9
  Major opcode: 72 (X_PutImage)
  Resource id:  0x200236
X Error: BadDrawable (invalid Pixmap or Window parameter) 9
  Major opcode: 72 (X_PutImage)
  Resource id:  0x200236
X Error: BadDrawable (invalid Pixmap or Window parameter) 9
  Major opcode: 72 (X_PutImage)
  Resource id:  0x200236
X Error: BadDrawable (invalid Pixmap or Window parameter) 9
  Major opcode: 72 (X_PutImage)
  Resource id:  0x200236
X Error: BadDrawable (invalid Pixmap or Window parameter) 9
  Major opcode: 72 (X_PutImage)
  Resource id:  0x200236
X Error: BadDrawable (invalid Pixmap or Window parameter) 9
  Major opcode: 72 (X_PutImage)
  Resource id:  0x200236
X Error: BadDrawable (invalid Pixmap or Window parameter) 9
  Major opcode: 72 (X_PutImage)
  Resource id:  0x200236
X Error: BadDrawable (invalid Pixmap or Window parameter) 9
  Major opcode: 72 (X_PutImage)
  Resource id:  0x200236
X Error: BadDrawable (invalid Pixmap or Window parameter) 9
  Major opcode: 72 (X_PutImage)
  Resource id:  0x200236
X Error: BadDrawable (invalid Pixmap or Window parameter) 9
  Major opcode: 72 (X_PutImage)
  Resource id:  0x200236
X Error: BadDrawable (invalid Pixmap or Window parameter) 9
  Major opcode: 72 (X_PutImage)
  Resource id:  0x200236
X Error: BadDrawable (invalid Pixmap or Window parameter) 9
  Major opcode: 72 (X_PutImage)
  Resource id:  0x200236
X Error: BadDrawable (invalid Pixmap or Window parameter) 9
  Major opcode: 72 (X_PutImage)
  Resource id:  0x200236
X Error: BadDrawable (invalid Pixmap or Window parameter) 9
  Major opcode: 72 (X_PutImage)
  Resource id:  0x200236
X Error: BadDrawable (invalid Pixmap or Window parameter) 9
  Major opcode: 72 (X_PutImage)
  Resource id:  0x200236
X Error: BadDrawable (invalid Pixmap or Window parameter) 9
  Major opcode: 72 (X_PutImage)
  Resource id:  0x200236
X Error: BadDrawable (invalid Pixmap or Window parameter) 9
  Major opcode: 72 (X_PutImage)
  Resource id:  0x200236
X Error: BadDrawable (invalid Pixmap or Window parameter) 9
  Major opcode: 72 (X_PutImage)
  Resource id:  0x200236
X Error: BadDrawable (invalid Pixmap or Window parameter) 9
  Major opcode: 72 (X_PutImage)
  Resource id:  0x200236
X Error: BadDrawable (invalid Pixmap or Window parameter) 9
  Major opcode: 72 (X_PutImage)
  Resource id:  0x200236
X Error: BadDrawable (invalid Pixmap or Window parameter) 9
  Major opcode: 72 (X_PutImage)
  Resource id:  0x200236
X Error: BadDrawable (invalid Pixmap or Window parameter) 9
  Major opcode: 72 (X_PutImage)
  Resource id:  0x200236
X Error: BadDrawable (invalid Pixmap or Window parameter) 9
  Major opcode: 72 (X_PutImage)
  Resource id:  0x200236
X Error: BadDrawable (invalid Pixmap or Window parameter) 9
  Major opcode: 72 (X_PutImage)
  Resource id:  0x200236
X Error: BadDrawable (invalid Pixmap or Window parameter) 9
  Major opcode: 72 (X_PutImage)
  Resource id:  0x200236
X Error: BadDrawable (invalid Pixmap or Window parameter) 9
  Major opcode: 72 (X_PutImage)
  Resource id:  0x200236
X Error: BadDrawable (invalid Pixmap or Window parameter) 9
  Major opcode: 72 (X_PutImage)
  Resource id:  0x200236
X Error: BadDrawable (invalid Pixmap or Window parameter) 9
  Major opcode: 72 (X_PutImage)
  Resource id:  0x200236
X Error: BadDrawable (invalid Pixmap or Window parameter) 9
  Major opcode: 72 (X_PutImage)
  Resource id:  0x200236
X Error: BadDrawable (invalid Pixmap or Window parameter) 9
  Major opcode: 72 (X_PutImage)
  Resource id:  0x200236
X Error: BadDrawable (invalid Pixmap or Window parameter) 9
  Major opcode: 72 (X_PutImage)
  Resource id:  0x200236
X Error: BadDrawable (invalid Pixmap or Window parameter) 9
  Major opcode: 72 (X_PutImage)
  Resource id:  0x200236
X Error: BadDrawable (invalid Pixmap or Window parameter) 9
  Major opcode: 72 (X_PutImage)
  Resource id:  0x200236
X Error: BadDrawable (invalid Pixmap or Window parameter) 9
  Major opcode: 72 (X_PutImage)
  Resource id:  0x200236
X Error: BadDrawable (invalid Pixmap or Window parameter) 9
  Major opcode: 72 (X_PutImage)
  Resource id:  0x200236
X Error: BadDrawable (invalid Pixmap or Window parameter) 9
  Major opcode: 72 (X_PutImage)
  Resource id:  0x200236
X Error: BadDrawable (invalid Pixmap or Window parameter) 9
  Major opcode: 72 (X_PutImage)
  Resource id:  0x200236
X Error: BadDrawable (invalid Pixmap or Window parameter) 9
  Major opcode: 72 (X_PutImage)
  Resource id:  0x200236
X Error: BadDrawable (invalid Pixmap or Window parameter) 9
  Major opcode: 72 (X_PutImage)
  Resource id:  0x200236
X Error: BadDrawable (invalid Pixmap or Window parameter) 9
  Major opcode: 72 (X_PutImage)
  Resource id:  0x200236
X Error: BadDrawable (invalid Pixmap or Window parameter) 9
  Major opcode: 72 (X_PutImage)
  Resource id:  0x200236
X Error: BadDrawable (invalid Pixmap or Window parameter) 9
  Major opcode: 72 (X_PutImage)
  Resource id:  0x200236
X Error: BadDrawable (invalid Pixmap or Window parameter) 9
  Major opcode: 72 (X_PutImage)
  Resource id:  0x200236
X Error: BadDrawable (invalid Pixmap or Window parameter) 9
  Major opcode: 72 (X_PutImage)
  Resource id:  0x200236
X Error: BadDrawable (invalid Pixmap or Window parameter) 9
  Major opcode: 72 (X_PutImage)
  Resource id:  0x200236
X Error: BadDrawable (invalid Pixmap or Window parameter) 9
  Major opcode: 72 (X_PutImage)
  Resource id:  0x200236
X Error: BadDrawable (invalid Pixmap or Window parameter) 9
  Major opcode: 72 (X_PutImage)
  Resource id:  0x200236
X Error: BadDrawable (invalid Pixmap or Window parameter) 9
  Major opcode: 72 (X_PutImage)
  Resource id:  0x200236
X Error: BadDrawable (invalid Pixmap or Window parameter) 9
  Major opcode: 72 (X_PutImage)
  Resource id:  0x200236
X Error: BadDrawable (invalid Pixmap or Window parameter) 9
  Major opcode: 72 (X_PutImage)
  Resource id:  0x200236
X Error: BadDrawable (invalid Pixmap or Window parameter) 9
  Major opcode: 72 (X_PutImage)
  Resource id:  0x200236
X Error: BadDrawable (invalid Pixmap or Window parameter) 9
  Major opcode: 72 (X_PutImage)
  Resource id:  0x200236
X Error: BadDrawable (invalid Pixmap or Window parameter) 9
  Major opcode: 72 (X_PutImage)
  Resource id:  0x200236
X Error: BadDrawable (invalid Pixmap or Window parameter) 9
  Major opcode: 72 (X_PutImage)
  Resource id:  0x200236
X Error: BadDrawable (invalid Pixmap or Window parameter) 9
  Major opcode: 72 (X_PutImage)
  Resource id:  0x200236
X Error: BadDrawable (invalid Pixmap or Window parameter) 9
  Major opcode: 72 (X_PutImage)
  Resource id:  0x200236
X Error: BadDrawable (invalid Pixmap or Window parameter) 9
  Major opcode: 72 (X_PutImage)
  Resource id:  0x200236
X Error: BadDrawable (invalid Pixmap or Window parameter) 9
  Major opcode: 72 (X_PutImage)
  Resource id:  0x200236
X Error: BadDrawable (invalid Pixmap or Window parameter) 9
  Major opcode: 72 (X_PutImage)
  Resource id:  0x200236
X Error: BadDrawable (invalid Pixmap or Window parameter) 9
  Major opcode: 72 (X_PutImage)
  Resource id:  0x200236
X Error: BadDrawable (invalid Pixmap or Window parameter) 9
  Major opcode: 72 (X_PutImage)
  Resource id:  0x200236
X Error: BadDrawable (invalid Pixmap or Window parameter) 9
  Major opcode: 72 (X_PutImage)
  Resource id:  0x200236
X Error: BadDrawable (invalid Pixmap or Window parameter) 9
  Major opcode: 72 (X_PutImage)
  Resource id:  0x200236
X Error: BadDrawable (invalid Pixmap or Window parameter) 9
  Major opcode: 72 (X_PutImage)
  Resource id:  0x200236
X Error: BadDrawable (invalid Pixmap or Window parameter) 9
  Major opcode: 72 (X_PutImage)
  Resource id:  0x200236
X Error: BadDrawable (invalid Pixmap or Window parameter) 9
  Major opcode: 72 (X_PutImage)
  Resource id:  0x200236
X Error: BadDrawable (invalid Pixmap or Window parameter) 9
  Major opcode: 72 (X_PutImage)
  Resource id:  0x200236
X Error: BadDrawable (invalid Pixmap or Window parameter) 9
  Major opcode: 72 (X_PutImage)
  Resource id:  0x200236
X Error: BadDrawable (invalid Pixmap or Window parameter) 9
  Major opcode: 72 (X_PutImage)
  Resource id:  0x200236
X Error: BadDrawable (invalid Pixmap or Window parameter) 9
  Major opcode: 72 (X_PutImage)
  Resource id:  0x200236
X Error: BadDrawable (invalid Pixmap or Window parameter) 9
  Major opcode: 72 (X_PutImage)
  Resource id:  0x200236
X Error: BadDrawable (invalid Pixmap or Window parameter) 9
  Major opcode: 72 (X_PutImage)
  Resource id:  0x200236
X Error: BadDrawable (invalid Pixmap or Window parameter) 9
  Major opcode: 72 (X_PutImage)
  Resource id:  0x200236
X Error: BadDrawable (invalid Pixmap or Window parameter) 9
  Major opcode: 72 (X_PutImage)
  Resource id:  0x200236
X Error: BadDrawable (invalid Pixmap or Window parameter) 9
  Major opcode: 72 (X_PutImage)
  Resource id:  0x200236
X Error: BadDrawable (invalid Pixmap or Window parameter) 9
  Major opcode: 72 (X_PutImage)
  Resource id:  0x200236
X Error: BadDrawable (invalid Pixmap or Window parameter) 9
  Major opcode: 72 (X_PutImage)
  Resource id:  0x200236
X Error: BadDrawable (invalid Pixmap or Window parameter) 9
  Major opcode: 72 (X_PutImage)
  Resource id:  0x200236
X Error: BadDrawable (invalid Pixmap or Window parameter) 9
  Major opcode: 72 (X_PutImage)
  Resource id:  0x200236
X Error: BadDrawable (invalid Pixmap or Window parameter) 9
  Major opcode: 72 (X_PutImage)
  Resource id:  0x200236
X Error: BadDrawable (invalid Pixmap or Window parameter) 9
  Major opcode: 72 (X_PutImage)
  Resource id:  0x200236
X Error: BadDrawable (invalid Pixmap or Window parameter) 9
  Major opcode: 72 (X_PutImage)
  Resource id:  0x200236
X Error: BadDrawable (invalid Pixmap or Window parameter) 9
  Major opcode: 72 (X_PutImage)
  Resource id:  0x200236
X Error: BadDrawable (invalid Pixmap or Window parameter) 9
  Major opcode: 72 (X_PutImage)
  Resource id:  0x200236
X Error: BadDrawable (invalid Pixmap or Window parameter) 9
  Major opcode: 72 (X_PutImage)
  Resource id:  0x200236
X Error: BadDrawable (invalid Pixmap or Window parameter) 9
  Major opcode: 72 (X_PutImage)
  Resource id:  0x200236
X Error: BadDrawable (invalid Pixmap or Window parameter) 9
  Major opcode: 72 (X_PutImage)
  Resource id:  0x200236
X Error: BadDrawable (invalid Pixmap or Window parameter) 9
  Major opcode: 72 (X_PutImage)
  Resource id:  0x200236
X Error: BadDrawable (invalid Pixmap or Window parameter) 9
  Major opcode: 72 (X_PutImage)
  Resource id:  0x200236
X Error: BadDrawable (invalid Pixmap or Window parameter) 9
  Major opcode: 72 (X_PutImage)
  Resource id:  0x200236
X Error: BadDrawable (invalid Pixmap or Window parameter) 9
  Major opcode: 72 (X_PutImage)
  Resource id:  0x200236
X Error: BadDrawable (invalid Pixmap or Window parameter) 9
  Major opcode: 72 (X_PutImage)
  Resource id:  0x200236
X Error: BadDrawable (invalid Pixmap or Window parameter) 9
  Major opcode: 72 (X_PutImage)
  Resource id:  0x200236
X Error: BadDrawable (invalid Pixmap or Window parameter) 9
  Major opcode: 72 (X_PutImage)
  Resource id:  0x200236
X Error: BadDrawable (invalid Pixmap or Window parameter) 9
  Major opcode: 72 (X_PutImage)
  Resource id:  0x200236
X Error: BadDrawable (invalid Pixmap or Window parameter) 9
  Major opcode: 72 (X_PutImage)
  Resource id:  0x200236
X Error: BadDrawable (invalid Pixmap or Window parameter) 9
  Major opcode: 72 (X_PutImage)
  Resource id:  0x200236
X Error: BadDrawable (invalid Pixmap or Window parameter) 9
  Major opcode: 72 (X_PutImage)
  Resource id:  0x200236
X Error: BadDrawable (invalid Pixmap or Window parameter) 9
  Major opcode: 72 (X_PutImage)
  Resource id:  0x200236
X Error: BadDrawable (invalid Pixmap or Window parameter) 9
  Major opcode: 72 (X_PutImage)
  Resource id:  0x200236
X Error: BadDrawable (invalid Pixmap or Window parameter) 9
  Major opcode: 72 (X_PutImage)
  Resource id:  0x200236
X Error: BadDrawable (invalid Pixmap or Window parameter) 9
  Major opcode: 72 (X_PutImage)
  Resource id:  0x200236
X Error: BadDrawable (invalid Pixmap or Window parameter) 9
  Major opcode: 72 (X_PutImage)
  Resource id:  0x200236
X Error: BadDrawable (invalid Pixmap or Window parameter) 9
  Major opcode: 72 (X_PutImage)
  Resource id:  0x200236
X Error: BadDrawable (invalid Pixmap or Window parameter) 9
  Major opcode: 72 (X_PutImage)
  Resource id:  0x200236
X Error: BadDrawable (invalid Pixmap or Window parameter) 9
  Major opcode: 72 (X_PutImage)
  Resource id:  0x200236
X Error: BadDrawable (invalid Pixmap or Window parameter) 9
  Major opcode: 72 (X_PutImage)
  Resource id:  0x200236
X Error: BadDrawable (invalid Pixmap or Window parameter) 9
  Major opcode: 72 (X_PutImage)
  Resource id:  0x200236
X Error: BadDrawable (invalid Pixmap or Window parameter) 9
  Major opcode: 72 (X_PutImage)
  Resource id:  0x200236
X Error: BadDrawable (invalid Pixmap or Window parameter) 9
  Major opcode: 72 (X_PutImage)
  Resource id:  0x200236
X Error: BadDrawable (invalid Pixmap or Window parameter) 9
  Major opcode: 72 (X_PutImage)
  Resource id:  0x200236
X Error: BadDrawable (invalid Pixmap or Window parameter) 9
  Major opcode: 72 (X_PutImage)
  Resource id:  0x200236
X Error: BadDrawable (invalid Pixmap or Window parameter) 9
  Major opcode: 72 (X_PutImage)
  Resource id:  0x200236
X Error: BadDrawable (invalid Pixmap or Window parameter) 9
  Major opcode: 72 (X_PutImage)
  Resource id:  0x200236
X Error: BadDrawable (invalid Pixmap or Window parameter) 9
  Major opcode: 72 (X_PutImage)
  Resource id:  0x200236
X Error: BadDrawable (invalid Pixmap or Window parameter) 9
  Major opcode: 72 (X_PutImage)
  Resource id:  0x200236
X Error: BadDrawable (invalid Pixmap or Window parameter) 9
  Major opcode: 72 (X_PutImage)
  Resource id:  0x200236
X Error: BadDrawable (invalid Pixmap or Window parameter) 9
  Major opcode: 72 (X_PutImage)
  Resource id:  0x200236
X Error: BadDrawable (invalid Pixmap or Window parameter) 9
  Major opcode: 72 (X_PutImage)
  Resource id:  0x200236
X Error: BadDrawable (invalid Pixmap or Window parameter) 9
  Major opcode: 72 (X_PutImage)
  Resource id:  0x200236
X Error: BadDrawable (invalid Pixmap or Window parameter) 9
  Major opcode: 72 (X_PutImage)
  Resource id:  0x200236
X Error: BadDrawable (invalid Pixmap or Window parameter) 9
  Major opcode: 72 (X_PutImage)
  Resource id:  0x200236
X Error: BadDrawable (invalid Pixmap or Window parameter) 9
  Major opcode: 72 (X_PutImage)
  Resource id:  0x200236
X Error: BadDrawable (invalid Pixmap or Window parameter) 9
  Major opcode: 72 (X_PutImage)
  Resource id:  0x200236
X Error: BadDrawable (invalid Pixmap or Window parameter) 9
  Major opcode: 72 (X_PutImage)
  Resource id:  0x200236
X Error: BadDrawable (invalid Pixmap or Window parameter) 9
  Major opcode: 72 (X_PutImage)
  Resource id:  0x200236
X Error: BadDrawable (invalid Pixmap or Window parameter) 9
  Major opcode: 72 (X_PutImage)
  Resource id:  0x200236
X Error: BadDrawable (invalid Pixmap or Window parameter) 9
  Major opcode: 72 (X_PutImage)
  Resource id:  0x200236
X Error: BadDrawable (invalid Pixmap or Window parameter) 9
  Major opcode: 72 (X_PutImage)
  Resource id:  0x200236
X Error: BadDrawable (invalid Pixmap or Window parameter) 9
  Major opcode: 72 (X_PutImage)
  Resource id:  0x200236
X Error: BadDrawable (invalid Pixmap or Window parameter) 9
  Major opcode: 72 (X_PutImage)
  Resource id:  0x200236
X Error: BadDrawable (invalid Pixmap or Window parameter) 9
  Major opcode: 72 (X_PutImage)
  Resource id:  0x200236
X Error: BadDrawable (invalid Pixmap or Window parameter) 9
  Major opcode: 72 (X_PutImage)
  Resource id:  0x200236
X Error: BadDrawable (invalid Pixmap or Window parameter) 9
  Major opcode: 72 (X_PutImage)
  Resource id:  0x200236
X Error: BadDrawable (invalid Pixmap or Window parameter) 9
  Major opcode: 72 (X_PutImage)
  Resource id:  0x200236
X Error: BadDrawable (invalid Pixmap or Window parameter) 9
  Major opcode: 72 (X_PutImage)
  Resource id:  0x200236
X Error: BadDrawable (invalid Pixmap or Window parameter) 9
  Major opcode: 72 (X_PutImage)
  Resource id:  0x200236
X Error: BadDrawable (invalid Pixmap or Window parameter) 9
  Major opcode: 72 (X_PutImage)
  Resource id:  0x200236
X Error: BadDrawable (invalid Pixmap or Window parameter) 9
  Major opcode: 72 (X_PutImage)
  Resource id:  0x200236
X Error: BadDrawable (invalid Pixmap or Window parameter) 9
  Major opcode: 72 (X_PutImage)
  Resource id:  0x200236
X Error: BadDrawable (invalid Pixmap or Window parameter) 9
  Major opcode: 72 (X_PutImage)
  Resource id:  0x200236
X Error: BadDrawable (invalid Pixmap or Window parameter) 9
  Major opcode: 72 (X_PutImage)
  Resource id:  0x200236
X Error: BadDrawable (invalid Pixmap or Window parameter) 9
  Major opcode: 72 (X_PutImage)
  Resource id:  0x200236
X Error: BadDrawable (invalid Pixmap or Window parameter) 9
  Major opcode: 72 (X_PutImage)
  Resource id:  0x200236
X Error: BadDrawable (invalid Pixmap or Window parameter) 9
  Major opcode: 72 (X_PutImage)
  Resource id:  0x200236
X Error: BadDrawable (invalid Pixmap or Window parameter) 9
  Major opcode: 72 (X_PutImage)
  Resource id:  0x200236
X Error: BadDrawable (invalid Pixmap or Window parameter) 9
  Major opcode: 72 (X_PutImage)
  Resource id:  0x200236
X Error: BadDrawable (invalid Pixmap or Window parameter) 9
  Major opcode: 72 (X_PutImage)
  Resource id:  0x200236
X Error: BadDrawable (invalid Pixmap or Window parameter) 9
  Major opcode: 72 (X_PutImage)
  Resource id:  0x200236
X Error: BadDrawable (invalid Pixmap or Window parameter) 9
  Major opcode: 72 (X_PutImage)
  Resource id:  0x200236
X Error: BadDrawable (invalid Pixmap or Window parameter) 9
  Major opcode: 72 (X_PutImage)
  Resource id:  0x200236
X Error: BadDrawable (invalid Pixmap or Window parameter) 9
  Major opcode: 72 (X_PutImage)
  Resource id:  0x200236
X Error: BadDrawable (invalid Pixmap or Window parameter) 9
  Major opcode: 72 (X_PutImage)
  Resource id:  0x200236
X Error: BadDrawable (invalid Pixmap or Window parameter) 9
  Major opcode: 72 (X_PutImage)
  Resource id:  0x200236
X Error: BadDrawable (invalid Pixmap or Window parameter) 9
  Major opcode: 72 (X_PutImage)
  Resource id:  0x200236
X Error: BadDrawable (invalid Pixmap or Window parameter) 9
  Major opcode: 72 (X_PutImage)
  Resource id:  0x200236
X Error: BadDrawable (invalid Pixmap or Window parameter) 9
  Major opcode: 72 (X_PutImage)
  Resource id:  0x200236
X Error: BadDrawable (invalid Pixmap or Window parameter) 9
  Major opcode: 72 (X_PutImage)
  Resource id:  0x200236
X Error: BadDrawable (invalid Pixmap or Window parameter) 9
  Major opcode: 72 (X_PutImage)
  Resource id:  0x200236
X Error: BadDrawable (invalid Pixmap or Window parameter) 9
  Major opcode: 72 (X_PutImage)
  Resource id:  0x200236
X Error: BadDrawable (invalid Pixmap or Window parameter) 9
  Major opcode: 72 (X_PutImage)
  Resource id:  0x200236
X Error: BadDrawable (invalid Pixmap or Window parameter) 9
  Major opcode: 72 (X_PutImage)
  Resource id:  0x200236
X Error: BadDrawable (invalid Pixmap or Window parameter) 9
  Major opcode: 72 (X_PutImage)
  Resource id:  0x200236
X Error: BadDrawable (invalid Pixmap or Window parameter) 9
  Major opcode: 72 (X_PutImage)
  Resource id:  0x200236
X Error: BadDrawable (invalid Pixmap or Window parameter) 9
  Major opcode: 72 (X_PutImage)
  Resource id:  0x200236
X Error: BadDrawable (invalid Pixmap or Window parameter) 9
  Major opcode: 72 (X_PutImage)
  Resource id:  0x200236
X Error: BadDrawable (invalid Pixmap or Window parameter) 9
  Major opcode: 72 (X_PutImage)
  Resource id:  0x200236
X Error: BadDrawable (invalid Pixmap or Window parameter) 9
  Major opcode: 72 (X_PutImage)
  Resource id:  0x200236
X Error: BadDrawable (invalid Pixmap or Window parameter) 9
  Major opcode: 72 (X_PutImage)
  Resource id:  0x200236
X Error: BadDrawable (invalid Pixmap or Window parameter) 9
  Major opcode: 72 (X_PutImage)
  Resource id:  0x200236
X Error: BadDrawable (invalid Pixmap or Window parameter) 9
  Major opcode: 72 (X_PutImage)
  Resource id:  0x200236
X Error: BadDrawable (invalid Pixmap or Window parameter) 9
  Major opcode: 72 (X_PutImage)
  Resource id:  0x200236
X Error: BadDrawable (invalid Pixmap or Window parameter) 9
  Major opcode: 72 (X_PutImage)
  Resource id:  0x200236
X Error: BadDrawable (invalid Pixmap or Window parameter) 9
  Major opcode: 72 (X_PutImage)
  Resource id:  0x200236
X Error: BadDrawable (invalid Pixmap or Window parameter) 9
  Major opcode: 72 (X_PutImage)
  Resource id:  0x200236
X Error: BadDrawable (invalid Pixmap or Window parameter) 9
  Major opcode: 72 (X_PutImage)
  Resource id:  0x200236
X Error: BadDrawable (invalid Pixmap or Window parameter) 9
  Major opcode: 72 (X_PutImage)
  Resource id:  0x200236
X Error: BadDrawable (invalid Pixmap or Window parameter) 9
  Major opcode: 72 (X_PutImage)
  Resource id:  0x200236
X Error: BadDrawable (invalid Pixmap or Window parameter) 9
  Major opcode: 72 (X_PutImage)
  Resource id:  0x200236
X Error: BadDrawable (invalid Pixmap or Window parameter) 9
  Major opcode: 72 (X_PutImage)
  Resource id:  0x200236
X Error: BadDrawable (invalid Pixmap or Window parameter) 9
  Major opcode: 72 (X_PutImage)
  Resource id:  0x200236
X Error: BadDrawable (invalid Pixmap or Window parameter) 9
  Major opcode: 72 (X_PutImage)
  Resource id:  0x200236
X Error: BadDrawable (invalid Pixmap or Window parameter) 9
  Major opcode: 72 (X_PutImage)
  Resource id:  0x200236
X Error: BadDrawable (invalid Pixmap or Window parameter) 9
  Major opcode: 72 (X_PutImage)
  Resource id:  0x200236
X Error: BadDrawable (invalid Pixmap or Window parameter) 9
  Major opcode: 72 (X_PutImage)
  Resource id:  0x200236
X Error: BadDrawable (invalid Pixmap or Window parameter) 9
  Major opcode: 72 (X_PutImage)
  Resource id:  0x200236
X Error: BadDrawable (invalid Pixmap or Window parameter) 9
  Major opcode: 72 (X_PutImage)
  Resource id:  0x200236
X Error: BadDrawable (invalid Pixmap or Window parameter) 9
  Major opcode: 72 (X_PutImage)
  Resource id:  0x200236
X Error: BadDrawable (invalid Pixmap or Window parameter) 9
  Major opcode: 72 (X_PutImage)
  Resource id:  0x200236
X Error: BadDrawable (invalid Pixmap or Window parameter) 9
  Major opcode: 72 (X_PutImage)
  Resource id:  0x200236
X Error: BadDrawable (invalid Pixmap or Window parameter) 9
  Major opcode: 72 (X_PutImage)
  Resource id:  0x200236
X Error: BadDrawable (invalid Pixmap or Window parameter) 9
  Major opcode: 72 (X_PutImage)
  Resource id:  0x200236
X Error: BadDrawable (invalid Pixmap or Window parameter) 9
  Major opcode: 72 (X_PutImage)
  Resource id:  0x200236
X Error: BadDrawable (invalid Pixmap or Window parameter) 9
  Major opcode: 72 (X_PutImage)
  Resource id:  0x200236
X Error: BadDrawable (invalid Pixmap or Window parameter) 9
  Major opcode: 72 (X_PutImage)
  Resource id:  0x200236
X Error: BadDrawable (invalid Pixmap or Window parameter) 9
  Major opcode: 72 (X_PutImage)
  Resource id:  0x200236
X Error: BadDrawable (invalid Pixmap or Window parameter) 9
  Major opcode: 72 (X_PutImage)
  Resource id:  0x200236
X Error: BadDrawable (invalid Pixmap or Window parameter) 9
  Major opcode: 72 (X_PutImage)
  Resource id:  0x200236
X Error: BadDrawable (invalid Pixmap or Window parameter) 9
  Major opcode: 72 (X_PutImage)
  Resource id:  0x200236
X Error: BadDrawable (invalid Pixmap or Window parameter) 9
  Major opcode: 72 (X_PutImage)
  Resource id:  0x200236
X Error: BadDrawable (invalid Pixmap or Window parameter) 9
  Major opcode: 72 (X_PutImage)
  Resource id:  0x200236
X Error: BadDrawable (invalid Pixmap or Window parameter) 9
  Major opcode: 72 (X_PutImage)
  Resource id:  0x200236
X Error: BadDrawable (invalid Pixmap or Window parameter) 9
  Major opcode: 72 (X_PutImage)
  Resource id:  0x200236
X Error: BadDrawable (invalid Pixmap or Window parameter) 9
  Major opcode: 72 (X_PutImage)
  Resource id:  0x200236
X Error: BadDrawable (invalid Pixmap or Window parameter) 9
  Major opcode: 72 (X_PutImage)
  Resource id:  0x200236
X Error: BadDrawable (invalid Pixmap or Window parameter) 9
  Major opcode: 72 (X_PutImage)
  Resource id:  0x200236
X Error: BadDrawable (invalid Pixmap or Window parameter) 9
  Major opcode: 72 (X_PutImage)
  Resource id:  0x200236
X Error: BadDrawable (invalid Pixmap or Window parameter) 9
  Major opcode: 72 (X_PutImage)
  Resource id:  0x200236
X Error: BadDrawable (invalid Pixmap or Window parameter) 9
  Major opcode: 72 (X_PutImage)
  Resource id:  0x200236
X Error: BadDrawable (invalid Pixmap or Window parameter) 9
  Major opcode: 72 (X_PutImage)
  Resource id:  0x200236
X Error: BadDrawable (invalid Pixmap or Window parameter) 9
  Major opcode: 72 (X_PutImage)
  Resource id:  0x200236
X Error: BadDrawable (invalid Pixmap or Window parameter) 9
  Major opcode: 72 (X_PutImage)
  Resource id:  0x200236
X Error: BadDrawable (invalid Pixmap or Window parameter) 9
  Major opcode: 72 (X_PutImage)
  Resource id:  0x200236
X Error: BadDrawable (invalid Pixmap or Window parameter) 9
  Major opcode: 72 (X_PutImage)
  Resource id:  0x200236
X Error: BadDrawable (invalid Pixmap or Window parameter) 9
  Major opcode: 72 (X_PutImage)
  Resource id:  0x200236
X Error: BadDrawable (invalid Pixmap or Window parameter) 9
  Major opcode: 72 (X_PutImage)
  Resource id:  0x200236
X Error: BadDrawable (invalid Pixmap or Window parameter) 9
  Major opcode: 72 (X_PutImage)
  Resource id:  0x200236
X Error: BadDrawable (invalid Pixmap or Window parameter) 9
  Major opcode: 72 (X_PutImage)
  Resource id:  0x200236
X Error: BadDrawable (invalid Pixmap or Window parameter) 9
  Major opcode: 72 (X_PutImage)
  Resource id:  0x200236
X Error: BadDrawable (invalid Pixmap or Window parameter) 9
  Major opcode: 72 (X_PutImage)
  Resource id:  0x200236
X Error: BadDrawable (invalid Pixmap or Window parameter) 9
  Major opcode: 72 (X_PutImage)
  Resource id:  0x200236
X Error: BadDrawable (invalid Pixmap or Window parameter) 9
  Major opcode: 72 (X_PutImage)
  Resource id:  0x200236
X Error: BadDrawable (invalid Pixmap or Window parameter) 9
  Major opcode: 72 (X_PutImage)
  Resource id:  0x200236
X Error: BadDrawable (invalid Pixmap or Window parameter) 9
  Major opcode: 72 (X_PutImage)
  Resource id:  0x200236
X Error: BadDrawable (invalid Pixmap or Window parameter) 9
  Major opcode: 72 (X_PutImage)
  Resource id:  0x200236
X Error: BadDrawable (invalid Pixmap or Window parameter) 9
  Major opcode: 72 (X_PutImage)
  Resource id:  0x200236
X Error: BadDrawable (invalid Pixmap or Window parameter) 9
  Major opcode: 72 (X_PutImage)
  Resource id:  0x200236
X Error: BadDrawable (invalid Pixmap or Window parameter) 9
  Major opcode: 72 (X_PutImage)
  Resource id:  0x200236
X Error: BadDrawable (invalid Pixmap or Window parameter) 9
  Major opcode: 72 (X_PutImage)
  Resource id:  0x200236
X Error: BadDrawable (invalid Pixmap or Window parameter) 9
  Major opcode: 72 (X_PutImage)
  Resource id:  0x200236
X Error: BadDrawable (invalid Pixmap or Window parameter) 9
  Major opcode: 72 (X_PutImage)
  Resource id:  0x200236
X Error: BadDrawable (invalid Pixmap or Window parameter) 9
  Major opcode: 72 (X_PutImage)
  Resource id:  0x200236
X Error: BadDrawable (invalid Pixmap or Window parameter) 9
  Major opcode: 72 (X_PutImage)
  Resource id:  0x200236
X Error: BadDrawable (invalid Pixmap or Window parameter) 9
  Major opcode: 72 (X_PutImage)
  Resource id:  0x200236
X Error: BadDrawable (invalid Pixmap or Window parameter) 9
  Major opcode: 72 (X_PutImage)
  Resource id:  0x200236
X Error: BadDrawable (invalid Pixmap or Window parameter) 9
  Major opcode: 72 (X_PutImage)
  Resource id:  0x200236
X Error: BadDrawable (invalid Pixmap or Window parameter) 9
  Major opcode: 72 (X_PutImage)
  Resource id:  0x200236
X Error: BadDrawable (invalid Pixmap or Window parameter) 9
  Major opcode: 72 (X_PutImage)
  Resource id:  0x200236
X Error: BadDrawable (invalid Pixmap or Window parameter) 9
  Major opcode: 72 (X_PutImage)
  Resource id:  0x200236
X Error: BadDrawable (invalid Pixmap or Window parameter) 9
  Major opcode: 72 (X_PutImage)
  Resource id:  0x200236
X Error: BadDrawable (invalid Pixmap or Window parameter) 9
  Major opcode: 72 (X_PutImage)
  Resource id:  0x200236
X Error: BadDrawable (invalid Pixmap or Window parameter) 9
  Major opcode: 72 (X_PutImage)
  Resource id:  0x200236
X Error: BadDrawable (invalid Pixmap or Window parameter) 9
  Major opcode: 72 (X_PutImage)
  Resource id:  0x200236
X Error: BadDrawable (invalid Pixmap or Window parameter) 9
  Major opcode: 72 (X_PutImage)
  Resource id:  0x200236
X Error: BadDrawable (invalid Pixmap or Window parameter) 9
  Major opcode: 72 (X_PutImage)
  Resource id:  0x200236
X Error: BadDrawable (invalid Pixmap or Window parameter) 9
  Major opcode: 72 (X_PutImage)
  Resource id:  0x200236
X Error: BadDrawable (invalid Pixmap or Window parameter) 9
  Major opcode: 72 (X_PutImage)
  Resource id:  0x200236
X Error: BadDrawable (invalid Pixmap or Window parameter) 9
  Major opcode: 72 (X_PutImage)
  Resource id:  0x200236
X Error: BadDrawable (invalid Pixmap or Window parameter) 9
  Major opcode: 72 (X_PutImage)
  Resource id:  0x200236
X Error: BadDrawable (invalid Pixmap or Window parameter) 9
  Major opcode: 72 (X_PutImage)
  Resource id:  0x200236
X Error: BadGC (invalid GC parameter) 13
  Major opcode: 60 (X_FreeGC)
  Resource id:  0x200236
X Error: RenderBadPicture (invalid Picture parameter) 146
  Extension:    143 (RENDER)
  Minor opcode: 8 (RenderComposite)
  Resource id:  0x2001c7
X Error: RenderBadPicture (invalid Picture parameter) 146
  Extension:    143 (RENDER)
  Minor opcode: 7 (RenderFreePicture)
  Resource id:  0x2001c7
X Error: BadPixmap (invalid Pixmap parameter) 4
  Major opcode: 54 (X_FreePixmap)
  Resource id:  0x200236
QPainter::end: Painter ended with 6 saved states
terminate called after throwing an instance of 'std::bad_alloc'
  what():  std::bad_alloc
Aborted
Traceback (most recent call last):
  File "/var/www/colour.petersobot.com/statisticalize.py", line 11, in <module>
    img = r.asRGBA()
  File "/usr/local/lib/python2.6/dist-packages/png.py", line 1907, in asRGBA
    width,height,pixels,meta = self.asDirect()
  File "/usr/local/lib/python2.6/dist-packages/png.py", line 1748, in asDirect
    self.preamble()
  File "/usr/local/lib/python2.6/dist-packages/png.py", line 1446, in preamble
    self.validate_signature()
  File "/usr/local/lib/python2.6/dist-packages/png.py", line 1436, in validate_signature
    raise FormatError("PNG file has invalid signature.")
png.FormatError: FormatError: PNG file has invalid signature.
Processing keyword-position.de (160326)...
Processing musterprotokoll.de (945249)...
Processing qualitybenchmark.com (464824)...
Processing love-your-dog-food.com (657616)...
Picking 1000 random sites...
Done.

Processing tradestops.com (951962)...
Processing accessiblebb.com (148792)...
Processing sex-lies-dating.com (389316)...
Processing trafficfirestorm.com (233627)...
Processing zheraf.blogspot.com (693126)...
Processing kinderzahn-berlin.de (992261)...
Processing metalsetlists.com (256922)...
Processing munch2050.com (553800)...
Processing voovvoov.com (553656)...
Processing latu.org.uy (691736)...
Processing surfmedia.nl (639872)...
Processing sxn.us (85991)...
Processing shcolor.info (911084)...
Processing nma.lt (679826)...
Processing freegis.org (719795)...
Processing ninastube.com (151817)...
Processing vipmovieworld.com (845820)...
Processing ass100.com (968682)...
Processing lexisnexis.nl (815384)...
Processing kisahku.info (348442)...
Processing usamarketplace.info (839939)...
webkit2png.py: Fatal IO error: client killed
kill: 186: No such process

Traceback (most recent call last):
  File "/var/www/colour.petersobot.com/statisticalize.py", line 11, in <module>
    img = r.asRGBA()
  File "/usr/local/lib/python2.6/dist-packages/png.py", line 1907, in asRGBA
    width,height,pixels,meta = self.asDirect()
  File "/usr/local/lib/python2.6/dist-packages/png.py", line 1748, in asDirect
    self.preamble()
  File "/usr/local/lib/python2.6/dist-packages/png.py", line 1446, in preamble
    self.validate_signature()
  File "/usr/local/lib/python2.6/dist-packages/png.py", line 1436, in validate_signature
    raise FormatError("PNG file has invalid signature.")
png.FormatError: FormatError: PNG file has invalid signature.
Processing enchantedgetaways.com (710669)...
Processing importking-24.com (538910)...
Processing kimberjamesblog.com (604216)...
Terminated
Picking 1000 random sites...
Done.

Processing widefitshoes.co.uk (218912)...
Processing wcymx.com (804526)...
Processing epcott.co.jp (923292)...
Processing ventealapropriete.com (160174)...
Processing hatrack.com (197060)...
Processing usedregina.com (122737)...
Terminated
Picking 1000 random sites...
Done.

Processing jkuat.ac.ke (569441)...
Processing latinmail.com (38196)...
Processing ushades.com (354107)...
Processing jtagbox.com (668387)...
Processing taok78.com (729940)...
Processing webservis.ru (119159)...
Processing steadylinks.info (364819)...
Processing worrywoos.com (952450)...
Terminated
