WARNING:webkit2png:Failed to load http://3cx.de
WARNING:webkit2png:Failed to load http://bestsoftdaming.net
WARNING:webkit2png:Failed to load http://tocall.cn
WARNING:webkit2png:Failed to load http://mimoza.jp
WARNING:webkit2png:Failed to load http://bmf.com.br
WARNING:webkit2png:Failed to load http://zzym.co.cc
WARNING:webkit2png:Failed to load http://nyxberry.net
WARNING:webkit2png:Failed to load http://xiuma.cn
WARNING:webkit2png:Failed to load http://194.28.113.219
WARNING:webkit2png:Failed to load http://emu.ee
WARNING:webkit2png:Failed to load http://sweetdealsbyjillee.com
WARNING:webkit2png:Failed to load http://surfmedia.nl
WARNING:webkit2png:Failed to load http://nma.lt
WARNING:webkit2png:SSL: The root certificate of the certificate chain is self-signed, and untrusted
WARNING:webkit2png:SSL: The issuer certificate of a locally looked up certificate could not be found
WARNING:webkit2png:SSL: The root CA certificate is not trusted for this purpose
WARNING:webkit2png:SSL: The issuer certificate of a locally looked up certificate could not be found
WARNING:webkit2png:SSL: The root CA certificate is not trusted for this purpose
WARNING:webkit2png:SSL: The issuer certificate of a locally looked up certificate could not be found
WARNING:webkit2png:SSL: The root CA certificate is not trusted for this purpose
WARNING:webkit2png:SSL: The issuer certificate of a locally looked up certificate could not be found
WARNING:webkit2png:SSL: The root CA certificate is not trusted for this purpose
WARNING:webkit2png:SSL: The root certificate of the certificate chain is self-signed, and untrusted
WARNING:webkit2png:SSL: The root certificate of the certificate chain is self-signed, and untrusted
WARNING:webkit2png:SSL: The root certificate of the certificate chain is self-signed, and untrusted
WARNING:webkit2png:SSL: The root certificate of the certificate chain is self-signed, and untrusted
WARNING:webkit2png:SSL: The root certificate of the certificate chain is self-signed, and untrusted
WARNING:webkit2png:SSL: The root certificate of the certificate chain is self-signed, and untrusted
WARNING:webkit2png:SSL: The root certificate of the certificate chain is self-signed, and untrusted
WARNING:webkit2png:SSL: The root certificate of the certificate chain is self-signed, and untrusted
WARNING:webkit2png:SSL: The root certificate of the certificate chain is self-signed, and untrusted
WARNING:webkit2png:SSL: The root certificate of the certificate chain is self-signed, and untrusted
WARNING:webkit2png:SSL: The root certificate of the certificate chain is self-signed, and untrusted
WARNING:webkit2png:SSL: The root certificate of the certificate chain is self-signed, and untrusted
WARNING:webkit2png:SSL: The root certificate of the certificate chain is self-signed, and untrusted
WARNING:webkit2png:SSL: The root certificate of the certificate chain is self-signed, and untrusted
WARNING:webkit2png:SSL: The root certificate of the certificate chain is self-signed, and untrusted
WARNING:webkit2png:SSL: The root certificate of the certificate chain is self-signed, and untrusted
